<?xml version="1.0" encoding="UTF-8"?>
<!-- Generated by org.testng.reporters.JUnitXMLReporter -->
<testsuite hostname="Alekseeva" ignored="0" name="Test" tests="5" failures="2" timestamp="2022-03-02T09:39:16 GMT+07:00" time="0.129" errors="0">
  <testcase name="testMain" time="0.016" classname="online_tusur.unit_online_tusur.TestMain">
    <failure type="java.lang.AssertionError" message="expected [Вёселова Матрёна, 24
Nikulin Ivan, 18
Petrov Konstantin, 18
AVG= 24
MAX= 24
MIN= 18
] but found [Ivan Ivanov
MAX=25
]">
      <![CDATA[java.lang.AssertionError: expected [Вёселова Матрёна, 24
Nikulin Ivan, 18
Petrov Konstantin, 18
AVG= 24
MAX= 24
MIN= 18
] but found [Ivan Ivanov
MAX=25
]
at online_tusur.unit_online_tusur.TestMain.testMain(TestMain.java:39)
at java.util.concurrent.ThreadPoolExecutor.runWorker(ThreadPoolExecutor.java:1149)
at java.util.concurrent.ThreadPoolExecutor$Worker.run(ThreadPoolExecutor.java:624)
at java.lang.Thread.run(Thread.java:748)
... Removed 18 stack frames]]>
    </failure>
  </testcase> <!-- testMain -->
  <testcase name="params" time="0.016" classname="online_tusur.unit_online_tusur.NewTestNGparam">
    <failure type="java.lang.AssertionError" message="expected [ ] but found [Men Piter]">
      <![CDATA[java.lang.AssertionError: expected [ ] but found [Men Piter]
at online_tusur.unit_online_tusur.NewTestNGparam.params(NewTestNGparam.java:41)
at java.util.concurrent.ThreadPoolExecutor.runWorker(ThreadPoolExecutor.java:1149)
at java.util.concurrent.ThreadPoolExecutor$Worker.run(ThreadPoolExecutor.java:624)
at java.lang.Thread.run(Thread.java:748)
... Removed 18 stack frames]]>
    </failure>
  </testcase> <!-- params -->
  <testcase name="testNames" time="0.016" classname="online_tusur.unit_online_tusur.NewTestNGparam"/>
  <testcase name="testNames" time="0.001" classname="online_tusur.unit_online_tusur.NewTestNGparam"/>
  <testcase name="testNames" time="0.005" classname="online_tusur.unit_online_tusur.NewTestNGparam"/>
</testsuite> <!-- Test -->
